          60          13           1
           1   10.709169797753304        900.83054457542494        3591.9132901889384        12358.380174286556       0.29064596164976758        10.000000000000000        0.0000000000000000     
           2   12.341241378127574        901.30393014539811        3591.9153981358791        12358.901625865157       0.29063386916346906        10.000000000000000        1.1619078378356189E-009
           3   14.396587143478426        899.67895556669293        3591.9183795084205        12357.147486458693       0.29067536690361145        10.000000000000000        1.6306217454748570E-009
           4   16.990966189398620        901.93181870684248        3591.9201074385587        12359.600473799725       0.29061781689892208        10.000000000000000        2.3478047950053197E-009
           5   20.271816188097535        899.52067419291745        3591.9235697445424        12356.993215098908       0.29067941587566792        10.000000000000000        3.4621515142703447E-009
           6   24.426919508607106        902.56579459700424        3591.9253401136734        12360.308875504938       0.29060158417496973        10.000000000000000        5.2178712851252878E-009
           7   29.695438528034952        899.95855145130577        3591.9293043890661        12357.487089799422       0.29066826275335950        10.000000000000000        8.0186203829158206E-009
           8   36.381968653100074        903.24474805330340        3591.9313158674049        12361.070368800780       0.29058416534327031        10.000000000000000        1.2535216768255294E-008
           9   44.874435091303305        901.44051728706029        3591.9356224498379        12359.118720762650       0.29063040040351590        10.000000000000000        1.9887491476930575E-008
          10   55.666885329547384        904.43095568142530        3591.9381482207759        12362.392313880653       0.29055364504066916        10.000000000000000        3.1951808745701415E-008
          11   69.388516900880546        903.06496311975582        3591.9432361439353        12360.917633743818       0.29058872023694765        10.000000000000000        5.1881789807508990E-008
          12   86.840646300595196        902.65729857156248        3591.9482239737235        12360.492798585823       0.29059911141930217        10.000000000000000        8.4990996664849245E-008
          13   109.04379141879950        902.44681272219839        3591.9541058906352        12360.288493094331       0.29060439065782750        10.000000000000000        1.4025045994815687E-007
          14   137.29763402501951        902.08943146559261        3591.9603667900833        12359.929279523341       0.29061334296959723        10.000000000000000        2.3283107113288750E-007
          15   173.25738559190140        901.86777055360733        3591.9670293912109        12359.725435293150       0.29061867500182181        10.000000000000000        3.8842223561031841E-007
          16   219.03104354233190        901.68469884828903        3591.9735416856065        12359.572763198781       0.29062279178297162        10.000000000000000        6.5057099649293908E-007
          17   277.30325247133931        901.47290708905200        3591.9789599744768        12359.400556905039       0.29062727948951245        10.000000000000000        1.0931585056506955E-006
          18   351.49304814761319        901.40302995856939        3591.9813339839593        12359.395708632770       0.29062758557645646        10.000000000000000        1.8416158607647818E-006
          19   445.95475298780411        901.20478482363092        3591.9788473891263        12359.271487773622       0.29063030543041979        10.000000000000000        3.1090089492904683E-006
          20   566.23382719720826        901.28369037486334        3591.9676388882258        12359.469069565177       0.29062475246071362        10.000000000000000        5.2574239914674658E-006
          21   719.39270886208863        900.81587323647238        3591.9505122799701        12359.133034947658       0.29063126856253496        10.000000000000000        8.9024078901923207E-006
          22   914.42578869591716        901.64660505810980        3591.9227807673051        12360.241517117347       0.29060296077491310        10.000000000000000        1.5090681149269735E-005
          23   1162.7879025214108        899.87031253462692        3591.9005318818495        12358.721754078466       0.29063689622241856        10.000000000000000        2.5602556268595141E-005
          24   1479.0673946504253        903.38628266955629        3591.8448821945540        12362.787180843132       0.29053682067425129        10.000000000000000        4.3466606762239431E-005
          25   1881.8433000254211        896.79377925466338        3591.8815644598217        12356.754650969584       0.29068162846285706        10.000000000000000        7.3835602741787837E-005
          26   2394.7770114412642        909.27874064994774        3591.7317481776390        12370.030610349491       0.29035754731056090        10.000000000000000        1.2547736669027112E-004
          27   3048.0025760457379        888.65258867929367        3592.0843591285475        12350.915404657193       0.29083547586878222        10.000000000000000        2.1331232245127893E-004
          28   3879.8973121823178        910.78046444300207        3591.7078240724172        12373.271113884130       0.29027957045587871        10.000000000000000        3.6273271616271322E-004
          29   4939.3367845086404        896.41664117720086        3592.0620879364451        12360.359678709679       0.29061145317022258        10.000000000000000        6.1695462597210311E-004
          30   6288.5666352563576        907.28737994266930        3591.8947270986673        12371.906185225449       0.29032670255680681        10.823742295399569        1.0495324878775567E-003
          31   8006.8600147422821        898.68496223721638        3592.2147308064623        12364.496175853174       0.29052657542340926        18.242396103857288        1.7856615095274118E-003
          32   10195.175514495271        910.05442540875151        3592.0502610866033        12376.610318793941       0.29022892121213983        31.432097944071668        3.0384393623315571E-003
          33   12982.089293913356        903.82385641238068        3592.3811390578785        12371.314946934259       0.29037989530353908        53.127516093026756        5.1705926099644590E-003
          34   16531.349960451240        916.26464295507071        3592.2069201553104        12384.700476526865       0.29005198203733223        91.654931604527633        8.7995511942838781E-003
          35   21051.500113118254        913.46936238272065        3592.4531967374264        12382.609251326774       0.29012085609925076        155.52598647656504        1.4976313618089983E-002
          36   26808.129892105386        928.78853101283960        3592.2215826853412        12399.390467443962       0.28970952984480453        269.12967343062837        2.5489925185073783E-002
          37   34139.482528821587        931.52398292136195        3592.3244119027877        12403.038508952324       0.28963260972784233        459.44123515367033        4.3385786376134029E-002
          38   43476.328847517449        952.16667204202315        3591.9505366731601        12426.370853339866       0.28905869453491667        799.27258433095551        7.3847963247411497E-002
          39   55367.278504805137        964.83119439617815        3591.8014377343379        12441.445383561961       0.28869647593196379        1378.5287112321701       0.12570113758904489     
          40   70511.015205323361        988.65669514661931        3591.3437108501071        12469.930979359271       0.28800028779587017        2404.1583109884878       0.21396736950201620     
          41   89797.349970904557        1012.6784856343314        3590.9085797268176        12498.730804464787       0.28730185775695527        4191.3204110412707       0.36421846811959158     
          42   114359.50467194305        1044.1718106731855        3590.3459622248561        12537.799155067070       0.28636173843747059        7355.3353265481464       0.61998502981448134     
          43   145640.69789760100        1078.9042862226240        3589.8713343527097        12584.360305973370       0.28526450666298225        12935.375698832528        1.0553688506653123     
          44   185478.94561856295        1120.4141302043636        3589.5419059694027        12643.883098844855       0.28389553097792741        22864.461844460991        1.7965130623997012     
          45   236215.05936114368        1167.5369651991200        3589.4652997239609        12715.352414438508       0.28229381166408407        40557.602550416486        3.0581508093108432     
          46   300830.18765132519        1222.9687308239620        3589.6344772095676        12802.779108695357       0.28037931817253409        72321.580182373800        5.2058221976110106     
          47   383120.98239126685        1287.4600828463365        3589.9869750486646        12906.786161252830       0.27814724209393682        129616.68509653155        8.8617864771135988     
          48   487922.68259725708        1364.2234677831600        3590.4406484738188        13031.322645596551       0.27552388549654044        233834.84912217723        15.085316854501365     
          49   621393.22345723060        1457.1969405633224        3590.9134330912398        13180.681360341034       0.27243761797442689        249811.90326259439        0.0000000000000000     
          50   791375.06439275644        1555.4496564582798        3591.2676065110431        13334.740035751480       0.26931665685889444        350672.64904720761        0.0000000000000000     
          51   1007855.9964249968        1659.1590907309339        3591.5260418799317        13491.555260781915       0.26620548724430615        420750.41179962771        0.0000000000000000     
          52   1283556.0049717997        1768.4927907552433        3591.7409866614962        13649.414420464378       0.26314249652178839        473559.88809836440        0.0000000000000000     
          53   1634674.6709702816        1883.6513475262177        3591.9830175872967        13806.888978957551       0.26015875285603252        511309.69458893564        0.0000000000000000     
          54   2081843.0261329359        2004.8760711618411        3592.3502747073630        13962.837552766803       0.25727938616570967        538179.28675729746        0.0000000000000000     
          55   2651335.7914648545        2132.4390430778794        3592.9829759174759        14116.351278437949       0.25452632235112949        555906.99593397125        0.0000000000000000     
          56   3376615.2277737241        2266.6453279072321        3594.0900782794579        14266.767604322800       0.25192041939412096        567811.65499216795        0.0000000000000000     
          57   4300297.3117675409        2407.8355400290916        3595.9604684724259        14413.611969973732       0.24948364615083912        574984.43352222897        0.0000000000000000     
          58   5476655.7663490660        2556.3939611001756        3598.9793462836124        14556.577691553366       0.24724076101843392        579905.13070486509        0.0000000000000000     
          59   6974811.0769622559        2712.7557174525964        3603.6471345972059        14695.532912116847       0.24522058207401962        580591.74987590581        0.0000000000000000     
          60   8882787.2540541645        2877.4414000037191        3610.5853349408853        14830.521181749753       0.24345640255610335        539921.94006528275        0.0000000000000000     
